c:\users\ferdinand\source\repos\textedit\textedit\debug\vc142.pdb
c:\users\ferdinand\source\repos\textedit\textedit\debug\vc142.idb
c:\users\ferdinand\source\repos\textedit\textedit\debug\files.obj
c:\users\ferdinand\source\repos\textedit\textedit\debug\textedit.obj
c:\users\ferdinand\source\repos\textedit\textedit\debug\file_io.obj
c:\users\ferdinand\source\repos\textedit\debug\textedit.exe
c:\users\ferdinand\source\repos\textedit\debug\textedit.ilk
c:\users\ferdinand\source\repos\textedit\debug\textedit.pdb
c:\users\ferdinand\source\repos\textedit\textedit\debug\textedit.res
c:\users\ferdinand\source\repos\textedit\textedit\debug\files.nativecodeanalysis.xml
c:\users\ferdinand\source\repos\textedit\textedit\debug\textedit.nativecodeanalysis.xml
c:\users\ferdinand\source\repos\textedit\textedit\debug\textedit.tlog\cl.command.1.tlog
c:\users\ferdinand\source\repos\textedit\textedit\debug\textedit.tlog\cl.read.1.tlog
c:\users\ferdinand\source\repos\textedit\textedit\debug\textedit.tlog\cl.write.1.tlog
c:\users\ferdinand\source\repos\textedit\textedit\debug\textedit.tlog\link.command.1.tlog
c:\users\ferdinand\source\repos\textedit\textedit\debug\textedit.tlog\link.read.1.tlog
c:\users\ferdinand\source\repos\textedit\textedit\debug\textedit.tlog\link.write.1.tlog
c:\users\ferdinand\source\repos\textedit\textedit\debug\textedit.tlog\rc.command.1.tlog
c:\users\ferdinand\source\repos\textedit\textedit\debug\textedit.tlog\rc.read.1.tlog
c:\users\ferdinand\source\repos\textedit\textedit\debug\textedit.tlog\rc.write.1.tlog
